<?xml version="1.0" encoding="UTF-8"?>
<testsuites name="Day31" time="9" tests="1" failures="0" errors="0">
   <testsuite name="Day31" tests="1" failures="0" errors="0" time="9" timestamp="2018-07-26 15:01:17" hostname="slk - WSLK1FFTRFW-03" id="Test Suites/Day31">
      <properties>
         <property name="deviceName" value=""/>
         <property name="devicePlatform" value=""/>
         <property name="logFolder" value="C:\\Users\\slk\\Katalon Studio\\Demo_test1\\Reports\\Day31\\20180726_150115"/>
         <property name="logFiles" value="C:\\Users\\slk\\Katalon Studio\\Demo_test1\\Reports\\Day31\\20180726_150115\\execution0.log"/>
         <property name="attachments" value=""/>
         <property name="hostName" value="slk - WSLK1FFTRFW-03"/>
         <property name="os" value="Windows 7 64bit"/>
         <property name="katalonVersion" value="5.5.0.1"/>
         <property name="browser" value="Chrome 67.0.3396.99"/>
         <property name="hostAddress" value="10.10.10.12"/>
         <property name="sessionId" value="37cf2b0e11294fa73b8237879ca1309b"/>
         <property name="seleniumVersion" value="3.7.1"/>
         <property name="proxyInformation" value="ProxyInformation{proxyOption=NO_PROXY, proxyServerType=HTTP, password=, proxyServerAddress=, proxyServerPort=0}"/>
         <property name="platform" value="Windows 7"/>
      </properties>
      <testcase name="Test Cases/Day3/NewJenkins" classname="Test Cases/Day3/NewJenkins" status="PASSED">
         <system-out><![CDATA[2018-07-26 15:01:17 - [TEST_CASE][PASSED] - Test Cases/Day3/NewJenkins: Test Cases/Day3/NewJenkins

2018-07-26 15:01:17 - [TEST_STEP][PASSED] - openBrowser: Browser is opened with url: ''

2018-07-26 15:01:20 - [MESSAGE][PASSED] - Browser is opened with url: ''

2018-07-26 15:01:20 - [TEST_STEP][PASSED] - navigateToUrl: Navigate to 'http://demoaut.katalon.com/' successfully

2018-07-26 15:01:22 - [MESSAGE][PASSED] - Navigate to 'http://demoaut.katalon.com/' successfully

2018-07-26 15:01:22 - [TEST_STEP][PASSED] - click: Object: 'Object Repository/Day3/Page_CURA Healthcare Service/a_Make Appointment' is clicked on

2018-07-26 15:01:22 - [MESSAGE][PASSED] - Object: 'Object Repository/Day3/Page_CURA Healthcare Service/a_Make Appointment' is clicked on

2018-07-26 15:01:22 - [TEST_STEP][PASSED] - setText: Text 'john deo' is set on object 'Object Repository/Day3/Page_CURA Healthcare Service/input_username'

2018-07-26 15:01:22 - [MESSAGE][PASSED] - Text 'john deo' is set on object 'Object Repository/Day3/Page_CURA Healthcare Service/input_username'

2018-07-26 15:01:22 - [TEST_STEP][PASSED] - setEncryptedText: Text ****** has been set on object 'Object Repository/Day3/Page_CURA Healthcare Service/input_password'

2018-07-26 15:01:23 - [MESSAGE][PASSED] - Text ****** has been set on object 'Object Repository/Day3/Page_CURA Healthcare Service/input_password'

2018-07-26 15:01:23 - [TEST_STEP][PASSED] - click: Object: 'Object Repository/Day3/Page_CURA Healthcare Service/button_Login' is clicked on

2018-07-26 15:01:24 - [MESSAGE][PASSED] - Object: 'Object Repository/Day3/Page_CURA Healthcare Service/button_Login' is clicked on

2018-07-26 15:01:24 - [TEST_STEP][PASSED] - setText: Text 'John Doe' is set on object 'Object Repository/Day3/Page_CURA Healthcare Service/input_username'

2018-07-26 15:01:24 - [MESSAGE][PASSED] - Text 'John Doe' is set on object 'Object Repository/Day3/Page_CURA Healthcare Service/input_username'

2018-07-26 15:01:24 - [TEST_STEP][PASSED] - setEncryptedText: Text ****** has been set on object 'Object Repository/Day3/Page_CURA Healthcare Service/input_password'

2018-07-26 15:01:24 - [MESSAGE][PASSED] - Text ****** has been set on object 'Object Repository/Day3/Page_CURA Healthcare Service/input_password'

2018-07-26 15:01:24 - [TEST_STEP][PASSED] - click: Object: 'Object Repository/Day3/Page_CURA Healthcare Service/button_Login' is clicked on

2018-07-26 15:01:25 - [MESSAGE][PASSED] - Object: 'Object Repository/Day3/Page_CURA Healthcare Service/button_Login' is clicked on

2018-07-26 15:01:25 - [TEST_STEP][PASSED] - click: Object: 'Object Repository/Day3/Page_CURA Healthcare Service/i_fa fa-bars' is clicked on

2018-07-26 15:01:25 - [MESSAGE][PASSED] - Object: 'Object Repository/Day3/Page_CURA Healthcare Service/i_fa fa-bars' is clicked on

2018-07-26 15:01:25 - [TEST_STEP][PASSED] - click: Object: 'Object Repository/Day3/Page_CURA Healthcare Service/a_Logout' is clicked on

2018-07-26 15:01:26 - [MESSAGE][PASSED] - Object: 'Object Repository/Day3/Page_CURA Healthcare Service/a_Logout' is clicked on

2018-07-26 15:01:26 - [TEST_STEP][PASSED] - closeBrowser: Browser is closed

2018-07-26 15:01:26 - [MESSAGE][PASSED] - Browser is closed]]></system-out>
         <system-err><![CDATA[]]></system-err>
      </testcase>
      <system-out><![CDATA[2018-07-26 15:01:17 - [TEST_SUITE][PASSED] - Day31: Test Cases/Day3/NewJenkins]]></system-out>
      <system-err><![CDATA[]]></system-err>
   </testsuite>
</testsuites>
