<?xml version="1.0" encoding="UTF-8"?>
<testsuites name="Day31" time="0" tests="0" failures="0" errors="0">
   <testsuite name="Day31" tests="0" failures="0" errors="0" time="0" timestamp="2018-07-26 12:52:07" hostname="slk - WSLK1FFTRFW-03" id="Test Suites/Day31">
      <properties>
         <property name="deviceName" value=""/>
         <property name="devicePlatform" value=""/>
         <property name="logFolder" value="C:\\Users\\slk\\Katalon Studio\\Demo_test1\\Reports\\Day31\\20180726_125206"/>
         <property name="logFiles" value="C:\\Users\\slk\\Katalon Studio\\Demo_test1\\Reports\\Day31\\20180726_125206\\execution0.log"/>
         <property name="attachments" value=""/>
         <property name="hostName" value="slk - WSLK1FFTRFW-03"/>
         <property name="hostAddress" value="10.10.10.12"/>
         <property name="os" value="Windows 7 64bit"/>
         <property name="katalonVersion" value="5.5.0.1"/>
      </properties>
      <system-out><![CDATA[2018-07-26 12:52:07 - [TEST_SUITE][PASSED] - Day31: null]]></system-out>
      <system-err><![CDATA[]]></system-err>
   </testsuite>
</testsuites>
