<?xml version="1.0" encoding="UTF-8"?>
<testsuites name="day2 suit" time="12" tests="1" failures="0" errors="0">
   <testsuite name="day2 suit" tests="1" failures="0" errors="0" time="12" timestamp="2018-07-25 11:13:53" hostname="slk - WSLK1FFTRFW-03" id="Test Suites/day2 suit">
      <properties>
         <property name="deviceName" value=""/>
         <property name="devicePlatform" value=""/>
         <property name="logFolder" value="C:\\Users\\slk\\Katalon Studio\\Demo_test1\\Reports\\day2 suit\\20180725_111350"/>
         <property name="logFiles" value="C:\\Users\\slk\\Katalon Studio\\Demo_test1\\Reports\\day2 suit\\20180725_111350\\execution0.log"/>
         <property name="attachments" value=""/>
         <property name="hostName" value="slk - WSLK1FFTRFW-03"/>
         <property name="os" value="Windows 7 64bit"/>
         <property name="katalonVersion" value="5.5.0.1"/>
         <property name="browser" value="Chrome 67.0.3396.99"/>
         <property name="hostAddress" value="10.10.10.12"/>
         <property name="sessionId" value="57bb50046e2455694f50a7aa2a979fc9"/>
         <property name="seleniumVersion" value="3.7.1"/>
         <property name="proxyInformation" value="ProxyInformation{proxyOption=NO_PROXY, proxyServerType=HTTP, password=, proxyServerAddress=, proxyServerPort=0}"/>
         <property name="platform" value="Windows 7"/>
      </properties>
      <testcase name="Test Cases/Day2/Test1" classname="Test Cases/Day2/Test1" status="PASSED">
         <system-out><![CDATA[2018-07-25 11:13:53 - [TEST_CASE][PASSED] - Test Cases/Day2/Test1: Test Cases/Day2/Test1

2018-07-25 11:13:53 - [TEST_STEP][PASSED] - openBrowser: Browser is opened with url: ''

2018-07-25 11:13:56 - [MESSAGE][PASSED] - Browser is opened with url: ''

2018-07-25 11:13:56 - [TEST_STEP][PASSED] - navigateToUrl: Navigate to 'https://opensource-demo.orangehrmlive.com/' successfully

2018-07-25 11:14:02 - [MESSAGE][PASSED] - Navigate to 'https://opensource-demo.orangehrmlive.com/' successfully

2018-07-25 11:14:02 - [TEST_STEP][PASSED] - setText: Text 'admin' is set on object 'Object Repository/day2/Page_OrangeHRM/input_txtUsername'

2018-07-25 11:14:02 - [MESSAGE][PASSED] - Text 'admin' is set on object 'Object Repository/day2/Page_OrangeHRM/input_txtUsername'

2018-07-25 11:14:02 - [TEST_STEP][PASSED] - setText: Text 'admin123' is set on object 'Object Repository/day2/Page_OrangeHRM/input_txtPassword'

2018-07-25 11:14:02 - [MESSAGE][PASSED] - Text 'admin123' is set on object 'Object Repository/day2/Page_OrangeHRM/input_txtPassword'

2018-07-25 11:14:02 - [TEST_STEP][PASSED] - click: Object: 'Object Repository/day2/Page_OrangeHRM/input_Submit' is clicked on

2018-07-25 11:14:04 - [MESSAGE][PASSED] - Object: 'Object Repository/day2/Page_OrangeHRM/input_Submit' is clicked on

2018-07-25 11:14:04 - [TEST_STEP][PASSED] - closeBrowser: Browser is closed

2018-07-25 11:14:05 - [MESSAGE][PASSED] - Browser is closed]]></system-out>
         <system-err><![CDATA[]]></system-err>
      </testcase>
      <system-out><![CDATA[2018-07-25 11:13:53 - [TEST_SUITE][PASSED] - day2 suit: Test Cases/Day2/Test1]]></system-out>
      <system-err><![CDATA[]]></system-err>
   </testsuite>
</testsuites>
